<?xml version="1.0" encoding="UTF-8"?>
<!-- Generated by org.testng.reporters.JUnitReportReporter -->
<testsuite skipped="0" hostname="QAL-SHIBASHANKAR" name="test.OpenBrowser" tests="1" failures="0" timestamp="14 Jun 2022 12:08:50 GMT" time="4.638" errors="0">
  <testcase name="openChrome" time="4.638" classname="test.OpenBrowser"/>
</testsuite> <!-- test.OpenBrowser -->
