<?xml version="1.0" encoding="UTF-8"?>
<!-- Generated by org.testng.reporters.JUnitReportReporter -->
<testsuite skipped="0" hostname="QAL-SHIBASHANKAR" name="test.LaunchURL" tests="1" failures="0" timestamp="08 Aug 2022 04:30:03 GMT" time="2.543" errors="0">
  <testcase name="openChrome" time="2.543" classname="test.LaunchURL"/>
</testsuite> <!-- test.LaunchURL -->
