<?xml version="1.0" encoding="UTF-8"?>
<!-- Generated by org.testng.reporters.JUnitReportReporter -->
<testsuite skipped="0" hostname="QAL-SHIBASHANKAR" name="test.LaunchBU" tests="1" failures="0" timestamp="08 Aug 2022 04:30:03 GMT" time="5.126" errors="0">
  <testcase name="buHomepage" time="5.126" classname="test.LaunchBU"/>
</testsuite> <!-- test.LaunchBU -->
